<?xml version="1.0" encoding="UTF-8"?>
<!-- Generated by org.testng.reporters.JUnitXMLReporter -->
<testsuite hostname="DELL-PC" name="Test" tests="4" failures="0" timestamp="8 Sep 2019 08:49:10 GMT" time="105.17" errors="0">
  <testcase name="basePageNavigation" time="36.851" classname="Academy.Homepage"/>
  <testcase name="basePageNavigation" time="8.358" classname="Academy.Homepage"/>
  <testcase name="basePageNavigation" time="0.108" classname="Academy.ValidateTitle"/>
  <testcase name="basePageNavigation" time="0.216" classname="Academy.validateNavbar"/>
</testsuite> <!-- Test -->
