<?xml version="1.0" encoding="UTF-8"?>
<!-- Generated by org.testng.reporters.JUnitXMLReporter -->
<testsuite hostname="DELL-PC" name="ValidateTitle" tests="1" failures="1" timestamp="9 Oct 2019 16:21:53 GMT" time="9.559" errors="0">
  <testcase name="basePageNavigation" time="0.067" classname="Academy.ValidateTitle">
    <failure type="junit.framework.ComparisonFailure" message="expected:&amp;lt;...&amp;gt; but was:&amp;lt;...1&amp;gt;">
      <![CDATA[junit.framework.ComparisonFailure: expected:<...> but was:<...1>
	at junit.framework.Assert.assertEquals(Assert.java:81)
	at junit.framework.Assert.assertEquals(Assert.java:87)
	at Academy.ValidateTitle.basePageNavigation(ValidateTitle.java:33)
... Removed 24 stack frames]]>
    </failure>
  </testcase> <!-- basePageNavigation -->
</testsuite> <!-- ValidateTitle -->
