<?xml version="1.0" encoding="UTF-8"?>
<testsuite xmlns:xsi="http://www.w3.org/2001/XMLSchema-instance" xsi:noNamespaceSchemaLocation="https://maven.apache.org/surefire/maven-surefire-plugin/xsd/surefire-test-report-3.0.xsd" version="3.0" name="TestSuite" time="103.285" tests="4" errors="0" skipped="0" failures="2">
  <properties>
[...]
</properties>
  <testcase name="basePageNavigation" classname="Academy.Homepage" time="33.367">
    <failure message="element click intercepted: Element &lt;a href=&quot;http://qaclickacademy.usefedora.com/sign_in&quot;&gt;...&lt;/a&gt; is not clickable at point (992, 16). Other element would receive the click: &lt;div class=&quot;listbuilder-popup-content&quot;&gt;...&lt;/div&gt;&#10;  (Session info: chrome=77.0.3865.90)&#10;Build info: version: &apos;3.141.5&apos;, revision: &apos;d54ebd709a&apos;, time: &apos;2018-11-06T11:42:16&apos;&#10;System info: host: &apos;DELL-PC&apos;, ip: &apos;10.132.201.92&apos;, os.name: &apos;Windows 7&apos;, os.arch: &apos;amd64&apos;, os.version: &apos;6.1&apos;, java.version: &apos;1.8.0_211&apos;&#10;Driver info: org.openqa.selenium.chrome.ChromeDriver&#10;Capabilities {acceptInsecureCerts: false, browserName: chrome, browserVersion: 77.0.3865.90, chrome: {chromedriverVersion: 77.0.3865.40 (f484704e052e0..., userDataDir: C:\Users\AZHAR\AppData\Loca...}, goog:chromeOptions: {debuggerAddress: localhost:54452}, javascriptEnabled: true, networkConnectionEnabled: false, pageLoadStrategy: normal, platform: XP, platformName: XP, proxy: Proxy(), setWindowRect: true, strictFileInteractability: false, timeouts: {implicit: 0, pageLoad: 300000, script: 30000}, unhandledPromptBehavior: dismiss and notify}&#10;Session ID: 3f212e755e69071664c5d1a5795bc8d5" type="org.openqa.selenium.ElementClickInterceptedException"><![CDATA[org.openqa.selenium.ElementClickInterceptedException: 
element click intercepted: Element <a href="http://qaclickacademy.usefedora.com/sign_in">...</a> is not clickable at point (992, 16). Other element would receive the click: <div class="listbuilder-popup-content">...</div>
  (Session info: chrome=77.0.3865.90)
Build info: version: '3.141.5', revision: 'd54ebd709a', time: '2018-11-06T11:42:16'
System info: host: 'DELL-PC', ip: '10.132.201.92', os.name: 'Windows 7', os.arch: 'amd64', os.version: '6.1', java.version: '1.8.0_211'
Driver info: org.openqa.selenium.chrome.ChromeDriver
Capabilities {acceptInsecureCerts: false, browserName: chrome, browserVersion: 77.0.3865.90, chrome: {chromedriverVersion: 77.0.3865.40 (f484704e052e0..., userDataDir: C:\Users\AZHAR\AppData\Loca...}, goog:chromeOptions: {debuggerAddress: localhost:54452}, javascriptEnabled: true, networkConnectionEnabled: false, pageLoadStrategy: normal, platform: XP, platformName: XP, proxy: Proxy(), setWindowRect: true, strictFileInteractability: false, timeouts: {implicit: 0, pageLoad: 300000, script: 30000}, unhandledPromptBehavior: dismiss and notify}
Session ID: 3f212e755e69071664c5d1a5795bc8d5
	at Academy.Homepage.basePageNavigation(Homepage.java:26)
]]></failure>
    <system-out><![CDATA[chrome
]]></system-out>
    <system-err><![CDATA[ERROR StatusLogger No Log4j 2 configuration file found. Using default configuration (logging only errors to the console), or user programmatically provided configurations. Set system property 'log4j2.debug' to show Log4j 2 internal initialization logging. See https://logging.apache.org/log4j/2.x/manual/configuration.html for instructions on how to configure Log4j 2
Starting ChromeDriver 77.0.3865.40 (f484704e052e0b556f8030b65b953dce96503217-refs/branch-heads/3865@{#442}) on port 33448
Only local connections are allowed.
Please protect ports used by ChromeDriver and related test frameworks to prevent access by malicious code.
Oct 14, 2019 9:58:15 PM org.openqa.selenium.remote.ProtocolHandshake createSession
INFO: Detected dialect: W3C
]]></system-err>
  </testcase>
  <testcase name="basePageNavigation" classname="Academy.Homepage" time="13.463"/>
  <testcase name="basePageNavigation" classname="Academy.ValidateTitle" time="0.093">
    <failure message="expected:&lt;...&gt; but was:&lt;...1&gt;" type="junit.framework.ComparisonFailure"><![CDATA[junit.framework.ComparisonFailure: expected:<...> but was:<...1>
	at Academy.ValidateTitle.basePageNavigation(ValidateTitle.java:33)
]]></failure>
    <system-out><![CDATA[chrome
]]></system-out>
    <system-err><![CDATA[Starting ChromeDriver 77.0.3865.40 (f484704e052e0b556f8030b65b953dce96503217-refs/branch-heads/3865@{#442}) on port 27293
Only local connections are allowed.
Please protect ports used by ChromeDriver and related test frameworks to prevent access by malicious code.
Oct 14, 2019 9:59:07 PM org.openqa.selenium.remote.ProtocolHandshake createSession
INFO: Detected dialect: W3C
]]></system-err>
  </testcase>
  <testcase name="basePageNavigation" classname="Academy.validateNavbar" time="0.127"/>
</testsuite>