<?xml version="1.0" encoding="UTF-8"?>
<testng-results skipped="0" failed="0" total="1" passed="1">
  <reporter-output>
  </reporter-output>
  <suite name="Default suite" duration-ms="36441" started-at="2019-10-14T16:20:35Z" finished-at="2019-10-14T16:21:11Z">
    <groups>
    </groups>
    <test name="Default test" duration-ms="36441" started-at="2019-10-14T16:20:35Z" finished-at="2019-10-14T16:21:11Z">
      <class name="Academy.validateNavbar">
        <test-method status="PASS" signature="initilize()[pri:0, instance:Academy.validateNavbar@5ba23b66]" name="initilize" is-config="true" duration-ms="35895" started-at="2019-10-14T21:50:35Z" finished-at="2019-10-14T21:51:10Z">
          <reporter-output>
          </reporter-output>
        </test-method> <!-- initilize -->
        <test-method status="PASS" signature="basePageNavigation()[pri:0, instance:Academy.validateNavbar@5ba23b66]" name="basePageNavigation" duration-ms="227" started-at="2019-10-14T21:51:10Z" finished-at="2019-10-14T21:51:11Z">
          <reporter-output>
          </reporter-output>
        </test-method> <!-- basePageNavigation -->
        <test-method status="PASS" signature="tearDown()[pri:0, instance:Academy.validateNavbar@5ba23b66]" name="tearDown" is-config="true" duration-ms="299" started-at="2019-10-14T21:51:11Z" finished-at="2019-10-14T21:51:11Z">
          <reporter-output>
          </reporter-output>
        </test-method> <!-- tearDown -->
      </class> <!-- Academy.validateNavbar -->
    </test> <!-- Default test -->
  </suite> <!-- Default suite -->
</testng-results>
